<?xml version="1.0" encoding="UTF-8"?>
<!-- Generated by org.testng.reporters.JUnitXMLReporter -->
<testsuite ignored="0" hostname="DESKTOP-16UQNCM" failures="1" tests="9" name="Test" time="1.54" errors="0" timestamp="2023-10-31T12:03:57 IST">
  <testcase classname="testcases.automationpracticetestcases" name="enteraddress" time="0.136"/>
  <testcase classname="testcases.automationpracticetestcases" name="enteremail" time="0.088"/>
  <testcase classname="testcases.automationpracticetestcases" name="enterphone" time="0.093"/>
  <testcase classname="testcases.automationpracticetestcases" name="newbrowserwindowbtn" time="0.056">
    <skipped/>
  </testcase> <!-- newbrowserwindowbtn -->
  <testcase classname="testcases.automationpracticetestcases" name="selectgender" time="0.47"/>
  <testcase classname="testcases.automationpracticetestcases" name="selectmonday" time="0.073"/>
  <testcase classname="testcases.automationpracticetestcases" name="selectsunday" time="0.088"/>
  <testcase classname="testcases.automationpracticetestcases" name="verifynewbrowserwindowtext" time="0.058">
    <failure type="java.lang.AssertionError" message="Element text is different expected [New Browser Windows] but found [New Browser Window]">
      <![CDATA[java.lang.AssertionError: Element text is different expected [New Browser Windows] but found [New Browser Window]
at testcases.automationpracticetestcases.verifynewbrowserwindowtext(automationpracticetestcases.java:50)
at java.base/java.util.ArrayList.forEach(ArrayList.java:1511)
... Removed 32 stack frames]]>
    </failure>
  </testcase> <!-- verifynewbrowserwindowtext -->
  <testcase classname="testcases.automationpracticetestcases" name="verifypage" time="0.179"/>
</testsuite> <!-- Test -->
