<?xml version="1.0" encoding="UTF-8"?>
<!-- Generated by org.testng.reporters.JUnitXMLReporter -->
<testsuite ignored="0" hostname="DESKTOP-16UQNCM" failures="0" tests="9" name="Test" time="1.999" errors="0" timestamp="2023-11-02T15:50:28 IST">
  <testcase classname="testcases.automationpracticetestcases" name="enteraddress" time="0.257"/>
  <testcase classname="testcases.automationpracticetestcases" name="enteremail" time="0.101"/>
  <testcase classname="testcases.automationpracticetestcases" name="enterphone" time="0.101"/>
  <testcase classname="testcases.automationpracticetestcases" name="newbrowserwindowbtn" time="0.187">
    <skipped/>
  </testcase> <!-- newbrowserwindowbtn -->
  <testcase classname="testcases.automationpracticetestcases" name="selectgender" time="0.474"/>
  <testcase classname="testcases.automationpracticetestcases" name="selectmonday" time="0.1"/>
  <testcase classname="testcases.automationpracticetestcases" name="selectsunday" time="0.117"/>
  <testcase classname="testcases.automationpracticetestcases" name="verifynewbrowserwindowtext" time="0.053"/>
  <testcase classname="testcases.automationpracticetestcases" name="verifypage" time="0.171"/>
</testsuite> <!-- Test -->
