<?xml version="1.0" encoding="UTF-8"?>
<!-- Generated by org.testng.reporters.JUnitXMLReporter -->
<testsuite ignored="0" hostname="DESKTOP-16UQNCM" failures="0" tests="9" name="Test" time="1.413" errors="0" timestamp="2023-11-02T16:04:02 IST">
  <testcase classname="testcases.automationpracticetestcases" name="enteraddress" time="0.145"/>
  <testcase classname="testcases.automationpracticetestcases" name="enteremail" time="0.1"/>
  <testcase classname="testcases.automationpracticetestcases" name="enterphone" time="0.091"/>
  <testcase classname="testcases.automationpracticetestcases" name="newbrowserwindowbtn" time="0.062">
    <skipped/>
  </testcase> <!-- newbrowserwindowbtn -->
  <testcase classname="testcases.automationpracticetestcases" name="selectgender" time="0.403"/>
  <testcase classname="testcases.automationpracticetestcases" name="selectmonday" time="0.072"/>
  <testcase classname="testcases.automationpracticetestcases" name="selectsunday" time="0.071"/>
  <testcase classname="testcases.automationpracticetestcases" name="verifynewbrowserwindowtext" time="0.036"/>
  <testcase classname="testcases.automationpracticetestcases" name="verifypage" time="0.122"/>
</testsuite> <!-- Test -->
