<?xml version="1.0" encoding="UTF-8"?>
<testng-results ignored="0" total="1" passed="1" failed="0" skipped="0">
  <reporter-output>
  </reporter-output>
  <suite started-at="2023-11-05T19:37:28 IST" name="Default suite" finished-at="2023-11-05T19:38:16 IST" duration-ms="48079">
    <groups>
    </groups>
    <test started-at="2023-11-05T19:37:28 IST" name="Default test" finished-at="2023-11-05T19:38:16 IST" duration-ms="48079">
      <class name="testcases.Datepicker">
        <test-method is-config="true" signature="setup()[pri:0, instance:testcases.Datepicker@44a59da3]" started-at="2023-11-05T19:37:19 IST" name="setup" finished-at="2023-11-05T19:37:28 IST" duration-ms="9296" status="PASS">
          <reporter-output>
          </reporter-output>
        </test-method> <!-- setup -->
        <test-method is-config="true" signature="extentreportsetup()[pri:0, instance:testcases.Datepicker@44a59da3]" started-at="2023-11-05T19:37:28 IST" name="extentreportsetup" finished-at="2023-11-05T19:37:28 IST" duration-ms="128" status="PASS">
          <reporter-output>
          </reporter-output>
        </test-method> <!-- extentreportsetup -->
        <test-method is-config="true" signature="launchApp(java.lang.reflect.Method)[pri:0, instance:testcases.Datepicker@44a59da3]" started-at="2023-11-05T19:37:28 IST" name="launchApp" finished-at="2023-11-05T19:37:28 IST" duration-ms="8" status="PASS">
          <params>
            <param index="0">
              <value>
                <![CDATA[public void testcases.Datepicker.datePicker() throws java.lang.InterruptedException]]>
              </value>
            </param>
          </params>
          <reporter-output>
          </reporter-output>
        </test-method> <!-- launchApp -->
        <test-method signature="datePicker()[pri:0, instance:testcases.Datepicker@44a59da3]" started-at="2023-11-05T19:37:28 IST" name="datePicker" finished-at="2023-11-05T19:38:16 IST" duration-ms="47904" status="PASS">
          <reporter-output>
          </reporter-output>
        </test-method> <!-- datePicker -->
        <test-method is-config="true" signature="teardown()[pri:0, instance:testcases.Datepicker@44a59da3]" started-at="2023-11-05T19:38:16 IST" name="teardown" finished-at="2023-11-05T19:38:17 IST" duration-ms="762" status="PASS">
          <reporter-output>
          </reporter-output>
        </test-method> <!-- teardown -->
      </class> <!-- testcases.Datepicker -->
    </test> <!-- Default test -->
  </suite> <!-- Default suite -->
</testng-results>
